TokoneToko/app/build/intermediates/manifest_merge_blame_file/debug/manifest-merger-blame-debug-report.txt
1<?xml version="1.0" encoding="utf-8"?>
2<manifest xmlns:android="http://schemas.android.com/apk/res/android"
3    package="id.rdev.Dim"
4    android:versionCode="1"
5    android:versionName="1.0" >
6
7    <uses-sdk
8        android:minSdkVersion="22"
8-->src\main\AndroidManifest.xml
9        android:targetSdkVersion="28" />
9-->src\main\AndroidManifest.xml
10
11    <uses-permission android:name="android.permission.INTERNET" />
11-->src\main\AndroidManifest.xml:6:5-67
11-->src\main\AndroidManifest.xml:6:22-64
12
13    <application
13-->src\main\AndroidManifest.xml:8:5-29:19
14        android:allowBackup="false"
14-->src\main\AndroidManifest.xml:9:9-36
15        android:appComponentFactory="androidx.core.app.CoreComponentFactory"
15-->[androidx.core:core:1.1.0] AndroidManifest.xml:24:18-86
16        android:debuggable="true"
17        android:icon="@mipmap/ic_launcher"
17-->src\main\AndroidManifest.xml:10:9-43
18        android:label="@string/app_name"
18-->src\main\AndroidManifest.xml:11:9-41
19        android:roundIcon="@mipmap/ic_launcher_round"
19-->src\main\AndroidManifest.xml:12:9-54
20        android:supportsRtl="true"
20-->src\main\AndroidManifest.xml:13:9-35
21        android:theme="@style/AppTheme"
21-->src\main\AndroidManifest.xml:14:9-40
22        android:usesCleartextTraffic="true" >
22-->src\main\AndroidManifest.xml:15:9-44
23        <activity android:name="id.rdev.Dim.activity.data_barang.DataBarangActivity" />
23-->src\main\AndroidManifest.xml:17:9-77
23-->src\main\AndroidManifest.xml:17:19-74
24        <activity android:name="id.rdev.Dim.activity.register.RegisterActivity" />
24-->src\main\AndroidManifest.xml:18:9-72
24-->src\main\AndroidManifest.xml:18:19-69
25        <activity android:name="id.rdev.Dim.activity.data_barang._add.AddBarangActivity" />
25-->src\main\AndroidManifest.xml:19:9-81
25-->src\main\AndroidManifest.xml:19:19-78
26        <activity android:name="id.rdev.Dim.activity.login.LoginActivity" >
26-->src\main\AndroidManifest.xml:20:9-27:20
26-->src\main\AndroidManifest.xml:20:19-63
27            <intent-filter>
27-->src\main\AndroidManifest.xml:21:13-26:29
28                <action android:name="android.intent.action.VIEW" />
28-->src\main\AndroidManifest.xml:22:17-69
28-->src\main\AndroidManifest.xml:22:25-66
29                <action android:name="android.intent.action.MAIN" />
29-->src\main\AndroidManifest.xml:23:17-69
29-->src\main\AndroidManifest.xml:23:25-66
30
31                <category android:name="android.intent.category.LAUNCHER" />
31-->src\main\AndroidManifest.xml:25:17-77
31-->src\main\AndroidManifest.xml:25:27-74
32            </intent-filter>
33        </activity>
34        <activity android:name="id.rdev.Dim.activity._main.MainActivity" />
34-->src\main\AndroidManifest.xml:28:9-65
34-->src\main\AndroidManifest.xml:28:19-62
35
36        <provider
36-->[androidx.lifecycle:lifecycle-process:2.1.0] AndroidManifest.xml:23:9-27:43
37            android:name="androidx.lifecycle.ProcessLifecycleOwnerInitializer"
37-->[androidx.lifecycle:lifecycle-process:2.1.0] AndroidManifest.xml:24:13-79
38            android:authorities="id.rdev.Dim.lifecycle-process"
38-->[androidx.lifecycle:lifecycle-process:2.1.0] AndroidManifest.xml:25:13-69
39            android:exported="false"
39-->[androidx.lifecycle:lifecycle-process:2.1.0] AndroidManifest.xml:26:13-37
40            android:multiprocess="true" />
40-->[androidx.lifecycle:lifecycle-process:2.1.0] AndroidManifest.xml:27:13-40
41    </application>
42
43</manifest>